TFT ELOCK/Android-lock/app/build/intermediates/manifest_merge_blame_file/release/manifest-merger-blame-release-report.txt
1<?xml version="1.0" encoding="utf-8"?>
2<manifest xmlns:android="http://schemas.android.com/apk/res/android"
3    package="com.topflytech.lockActive"
4    android:versionCode="21"
5    android:versionName="1.0.19" >
6
7    <uses-sdk
8        android:minSdkVersion="23"
8-->src\main\AndroidManifest.xml
9        android:targetSdkVersion="34" />
9-->src\main\AndroidManifest.xml
10
11    <uses-permission android:name="android.permission.BLUETOOTH" />
11-->src\main\AndroidManifest.xml:6:5-68
11-->src\main\AndroidManifest.xml:6:22-65
12    <uses-permission android:name="android.permission.BLUETOOTH_ADMIN" />
12-->src\main\AndroidManifest.xml:7:5-74
12-->src\main\AndroidManifest.xml:7:22-71
13    <uses-permission android:name="android.permission.ACCESS_FINE_LOCATION" />
13-->src\main\AndroidManifest.xml:8:5-79
13-->src\main\AndroidManifest.xml:8:22-76
14    <uses-permission android:name="android.permission.ACCESS_COARSE_LOCATION" />
14-->src\main\AndroidManifest.xml:9:5-81
14-->src\main\AndroidManifest.xml:9:22-78
15    <uses-permission android:name="android.permission.BLUETOOTH_CONNECT" />
15-->src\main\AndroidManifest.xml:10:5-76
15-->src\main\AndroidManifest.xml:10:22-73
16    <uses-permission android:name="android.permission.BLUETOOTH_SCAN" />
16-->src\main\AndroidManifest.xml:11:5-73
16-->src\main\AndroidManifest.xml:11:22-70
17    <uses-permission android:name="android.permission.READ_EXTERNAL_STORAGE" />
17-->src\main\AndroidManifest.xml:12:5-80
17-->src\main\AndroidManifest.xml:12:22-77
18    <uses-permission android:name="android.permission.VIBRATE" />
18-->src\main\AndroidManifest.xml:13:5-66
18-->src\main\AndroidManifest.xml:13:22-63
19    <uses-permission android:name="android.permission.CAMERA" />
19-->src\main\AndroidManifest.xml:14:5-65
19-->src\main\AndroidManifest.xml:14:22-62
20    <uses-permission android:name="android.permission.WRITE_EXTERNAL_STORAGE" />
20-->src\main\AndroidManifest.xml:15:5-81
20-->src\main\AndroidManifest.xml:15:22-78
21    <uses-permission android:name="android.permission.READ_PHONE_STATE" />
21-->src\main\AndroidManifest.xml:16:5-75
21-->src\main\AndroidManifest.xml:16:22-72
22    <uses-permission android:name="android.permission.INTERNET" />
22-->src\main\AndroidManifest.xml:17:5-67
22-->src\main\AndroidManifest.xml:17:22-64
23    <uses-permission android:name="android.permission.ACCESS_NETWORK_STATE" />
23-->src\main\AndroidManifest.xml:18:5-79
23-->src\main\AndroidManifest.xml:18:22-76
24    <uses-permission android:name="android.permission.ACCESS_WIFI_STATE" />
24-->src\main\AndroidManifest.xml:19:5-76
24-->src\main\AndroidManifest.xml:19:22-73
25    <uses-permission android:name="android.permission.READ_LOGS" />
25-->src\main\AndroidManifest.xml:20:5-22:47
25-->src\main\AndroidManifest.xml:21:9-52
26
27    <uses-feature
27-->src\main\AndroidManifest.xml:24:5-26:35
28        android:name="android.hardware.bluetooth"
28-->src\main\AndroidManifest.xml:25:9-50
29        android:required="true" />
29-->src\main\AndroidManifest.xml:26:9-32
30    <uses-feature android:name="android.hardware.camera" />
30-->src\main\AndroidManifest.xml:27:5-60
30-->src\main\AndroidManifest.xml:27:19-57
31    <uses-feature android:name="android.hardware.camera.autofocus" />
31-->src\main\AndroidManifest.xml:28:5-70
31-->src\main\AndroidManifest.xml:28:19-67
32    <uses-feature
32-->src\main\AndroidManifest.xml:29:5-31:35
33        android:name="android.hardware.bluetooth_le"
33-->src\main\AndroidManifest.xml:30:9-53
34        android:required="true" />
34-->src\main\AndroidManifest.xml:31:9-32
35
36    <uses-permission android:name="android.permission.FLASHLIGHT" /> <!-- To allow starting foreground services on Android P+ - https://developer.android.com/preview/behavior-changes#fg-svc -->
36-->[com.github.jenly1314:camera-scan:1.0.1] AndroidManifest.xml:9:5-69
36-->[com.github.jenly1314:camera-scan:1.0.1] AndroidManifest.xml:9:22-66
37    <uses-permission android:name="android.permission.FOREGROUND_SERVICE" />
37-->[com.liulishuo.filedownloader:library:1.7.7] AndroidManifest.xml:9:5-77
37-->[com.liulishuo.filedownloader:library:1.7.7] AndroidManifest.xml:9:22-74
38
39    <uses-feature
39-->[cn.bingoogolapple:bga-qrcode-core:1.3.7] AndroidManifest.xml:15:5-17:36
40        android:name="android.hardware.camera.flash"
40-->[cn.bingoogolapple:bga-qrcode-core:1.3.7] AndroidManifest.xml:16:9-53
41        android:required="false" />
41-->[cn.bingoogolapple:bga-qrcode-core:1.3.7] AndroidManifest.xml:17:9-33
42
43    <application
43-->src\main\AndroidManifest.xml:33:5-107:19
44        android:allowBackup="true"
44-->src\main\AndroidManifest.xml:34:9-35
45        android:appComponentFactory="androidx.core.app.CoreComponentFactory"
45-->[androidx.core:core:1.8.0] AndroidManifest.xml:24:18-86
46        android:configChanges="orientation|screenSize"
46-->src\main\AndroidManifest.xml:35:9-55
47        android:extractNativeLibs="false"
48        android:icon="@mipmap/ic_launcher"
48-->src\main\AndroidManifest.xml:36:9-43
49        android:label="@string/app_name"
49-->src\main\AndroidManifest.xml:37:9-41
50        android:roundIcon="@mipmap/ic_launcher_round"
50-->src\main\AndroidManifest.xml:38:9-54
51        android:supportsRtl="true"
51-->src\main\AndroidManifest.xml:39:9-35
52        android:theme="@style/MyAppTheme"
52-->src\main\AndroidManifest.xml:40:9-42
53        android:usesCleartextTraffic="true" >
53-->src\main\AndroidManifest.xml:41:9-44
54        <activity
54-->src\main\AndroidManifest.xml:43:9-45:40
55            android:name="com.topflytech.lockActive.deviceConfigSetting.AlarmOpenSetActivity"
55-->src\main\AndroidManifest.xml:44:13-69
56            android:exported="false" />
56-->src\main\AndroidManifest.xml:45:13-37
57        <activity
57-->src\main\AndroidManifest.xml:46:9-48:40
58            android:name="com.topflytech.lockActive.deviceConfigSetting.TempAlarmSetActivity"
58-->src\main\AndroidManifest.xml:47:13-69
59            android:exported="false" />
59-->src\main\AndroidManifest.xml:48:13-37
60        <activity
60-->src\main\AndroidManifest.xml:49:9-51:40
61            android:name="com.topflytech.lockActive.SuperPwdResetActivity"
61-->src\main\AndroidManifest.xml:50:13-50
62            android:exported="false" />
62-->src\main\AndroidManifest.xml:51:13-37
63        <activity
63-->src\main\AndroidManifest.xml:52:9-54:40
64            android:name="com.topflytech.lockActive.deviceConfigSetting.IpEditActivity"
64-->src\main\AndroidManifest.xml:53:13-63
65            android:exported="false" />
65-->src\main\AndroidManifest.xml:54:13-37
66        <activity
66-->src\main\AndroidManifest.xml:55:9-57:40
67            android:name="com.topflytech.lockActive.deviceConfigSetting.LockPwdChangeActivity"
67-->src\main\AndroidManifest.xml:56:13-70
68            android:exported="false" />
68-->src\main\AndroidManifest.xml:57:13-37
69        <activity
69-->src\main\AndroidManifest.xml:58:9-60:40
70            android:name="com.topflytech.lockActive.deviceConfigSetting.AccessPwdChangeActivity"
70-->src\main\AndroidManifest.xml:59:13-72
71            android:exported="false" />
71-->src\main\AndroidManifest.xml:60:13-37
72        <activity
72-->src\main\AndroidManifest.xml:61:9-63:40
73            android:name="com.topflytech.lockActive.deviceConfigSetting.TimerActivity"
73-->src\main\AndroidManifest.xml:62:13-62
74            android:exported="false" />
74-->src\main\AndroidManifest.xml:63:13-37
75        <activity
75-->src\main\AndroidManifest.xml:64:9-66:40
76            android:name="com.topflytech.lockActive.deviceConfigSetting.RFIDActivity"
76-->src\main\AndroidManifest.xml:65:13-61
77            android:exported="false" />
77-->src\main\AndroidManifest.xml:66:13-37
78        <activity
78-->src\main\AndroidManifest.xml:67:9-69:40
79            android:name="com.topflytech.lockActive.deviceConfigSetting.SubLockIdActivity"
79-->src\main\AndroidManifest.xml:68:13-66
80            android:exported="false" />
80-->src\main\AndroidManifest.xml:69:13-37
81        <activity android:name="com.topflytech.lockActive.EditActivity" />
81-->src\main\AndroidManifest.xml:70:9-50
81-->src\main\AndroidManifest.xml:70:19-47
82        <activity android:name="com.topflytech.lockActive.WeChatQRCodeActivity" />
82-->src\main\AndroidManifest.xml:71:9-58
82-->src\main\AndroidManifest.xml:71:19-55
83
84        <meta-data
84-->src\main\AndroidManifest.xml:72:9-74:42
85            android:name="BUGLY_APPID"
85-->src\main\AndroidManifest.xml:73:13-39
86            android:value="20e5685556" />
86-->src\main\AndroidManifest.xml:74:13-39
87        <meta-data
87-->src\main\AndroidManifest.xml:75:9-77:36
88            android:name="BUGLY_APP_CHANNEL"
88-->src\main\AndroidManifest.xml:76:13-45
89            android:value="play" /> <!-- 配置Bugly调试模式（true或者false） -->
89-->src\main\AndroidManifest.xml:77:13-33
90        <meta-data
90-->src\main\AndroidManifest.xml:78:9-80:37
91            android:name="BUGLY_ENABLE_DEBUG"
91-->src\main\AndroidManifest.xml:79:13-46
92            android:value="false" />
92-->src\main\AndroidManifest.xml:80:13-34
93
94        <provider
94-->src\main\AndroidManifest.xml:82:9-90:20
95            android:name="androidx.core.content.FileProvider"
95-->src\main\AndroidManifest.xml:83:13-62
96            android:authorities="com.topflytech.lockActive.fileprovider"
96-->src\main\AndroidManifest.xml:84:13-73
97            android:exported="false"
97-->src\main\AndroidManifest.xml:85:13-37
98            android:grantUriPermissions="true" >
98-->src\main\AndroidManifest.xml:86:13-47
99            <meta-data
99-->src\main\AndroidManifest.xml:87:13-89:58
100                android:name="android.support.FILE_PROVIDER_PATHS"
100-->src\main\AndroidManifest.xml:88:17-67
101                android:resource="@xml/provider_paths" />
101-->src\main\AndroidManifest.xml:89:17-55
102        </provider>
103
104        <activity android:name="com.topflytech.lockActive.DateSelectActivity" />
104-->src\main\AndroidManifest.xml:92:9-56
104-->src\main\AndroidManifest.xml:92:19-53
105        <activity android:name="com.topflytech.lockActive.ReadHisDataActivity" />
105-->src\main\AndroidManifest.xml:93:9-57
105-->src\main\AndroidManifest.xml:93:19-54
106        <activity android:name="com.topflytech.lockActive.ReadSubLockHisDataActivity" />
106-->src\main\AndroidManifest.xml:94:9-64
106-->src\main\AndroidManifest.xml:94:19-61
107        <activity android:name="com.topflytech.lockActive.ScanActivity" />
107-->src\main\AndroidManifest.xml:95:9-50
107-->src\main\AndroidManifest.xml:95:19-47
108        <activity android:name="com.topflytech.lockActive.UnlockActivity" />
108-->src\main\AndroidManifest.xml:96:9-52
108-->src\main\AndroidManifest.xml:96:19-49
109        <activity
109-->src\main\AndroidManifest.xml:97:9-106:20
110            android:name="com.topflytech.lockActive.MainActivity"
110-->src\main\AndroidManifest.xml:98:13-41
111            android:configChanges="orientation|screenSize"
111-->src\main\AndroidManifest.xml:99:13-59
112            android:exported="true" >
112-->src\main\AndroidManifest.xml:100:13-36
113            <intent-filter>
113-->src\main\AndroidManifest.xml:101:13-105:29
114                <action android:name="android.intent.action.MAIN" />
114-->src\main\AndroidManifest.xml:102:17-69
114-->src\main\AndroidManifest.xml:102:25-66
115
116                <category android:name="android.intent.category.LAUNCHER" />
116-->src\main\AndroidManifest.xml:104:17-77
116-->src\main\AndroidManifest.xml:104:27-74
117            </intent-filter>
118        </activity>
119        <activity
119-->[pub.devrel:easypermissions:1.0.1] AndroidManifest.xml:12:9-16:66
120            android:name="pub.devrel.easypermissions.AppSettingsDialogHolderActivity"
120-->[pub.devrel:easypermissions:1.0.1] AndroidManifest.xml:13:13-86
121            android:exported="false"
121-->[pub.devrel:easypermissions:1.0.1] AndroidManifest.xml:14:13-37
122            android:label=""
122-->[pub.devrel:easypermissions:1.0.1] AndroidManifest.xml:15:13-29
123            android:theme="@style/EasyPermissions.Transparent" />
123-->[pub.devrel:easypermissions:1.0.1] AndroidManifest.xml:16:13-63
124
125        <service
125-->[androidx.camera:camera-camera2:1.2.3] AndroidManifest.xml:24:9-33:19
126            android:name="androidx.camera.core.impl.MetadataHolderService"
126-->[androidx.camera:camera-camera2:1.2.3] AndroidManifest.xml:25:13-75
127            android:enabled="false"
127-->[androidx.camera:camera-camera2:1.2.3] AndroidManifest.xml:26:13-36
128            android:exported="false" >
128-->[androidx.camera:camera-camera2:1.2.3] AndroidManifest.xml:27:13-37
129            <meta-data
129-->[androidx.camera:camera-camera2:1.2.3] AndroidManifest.xml:30:13-32:89
130                android:name="androidx.camera.core.impl.MetadataHolderService.DEFAULT_CONFIG_PROVIDER"
130-->[androidx.camera:camera-camera2:1.2.3] AndroidManifest.xml:31:17-103
131                android:value="androidx.camera.camera2.Camera2Config$DefaultProvider" />
131-->[androidx.camera:camera-camera2:1.2.3] AndroidManifest.xml:32:17-86
132        </service>
133        <service android:name="com.liulishuo.filedownloader.services.FileDownloadService$SharedMainProcessService" />
133-->[com.liulishuo.filedownloader:library:1.7.7] AndroidManifest.xml:12:9-118
133-->[com.liulishuo.filedownloader:library:1.7.7] AndroidManifest.xml:12:18-115
134        <service
134-->[com.liulishuo.filedownloader:library:1.7.7] AndroidManifest.xml:13:9-15:49
135            android:name="com.liulishuo.filedownloader.services.FileDownloadService$SeparateProcessService"
135-->[com.liulishuo.filedownloader:library:1.7.7] AndroidManifest.xml:14:13-108
136            android:process=":filedownloader" />
136-->[com.liulishuo.filedownloader:library:1.7.7] AndroidManifest.xml:15:13-46
137
138        <provider
138-->[androidx.profileinstaller:profileinstaller:1.3.0] AndroidManifest.xml:24:9-32:20
139            android:name="androidx.startup.InitializationProvider"
139-->[androidx.profileinstaller:profileinstaller:1.3.0] AndroidManifest.xml:25:13-67
140            android:authorities="com.topflytech.lockActive.androidx-startup"
140-->[androidx.profileinstaller:profileinstaller:1.3.0] AndroidManifest.xml:26:13-68
141            android:exported="false" >
141-->[androidx.profileinstaller:profileinstaller:1.3.0] AndroidManifest.xml:27:13-37
142            <meta-data
142-->[androidx.profileinstaller:profileinstaller:1.3.0] AndroidManifest.xml:29:13-31:52
143                android:name="androidx.profileinstaller.ProfileInstallerInitializer"
143-->[androidx.profileinstaller:profileinstaller:1.3.0] AndroidManifest.xml:30:17-85
144                android:value="androidx.startup" />
144-->[androidx.profileinstaller:profileinstaller:1.3.0] AndroidManifest.xml:31:17-49
145        </provider>
146
147        <receiver
147-->[androidx.profileinstaller:profileinstaller:1.3.0] AndroidManifest.xml:34:9-52:20
148            android:name="androidx.profileinstaller.ProfileInstallReceiver"
148-->[androidx.profileinstaller:profileinstaller:1.3.0] AndroidManifest.xml:35:13-76
149            android:directBootAware="false"
149-->[androidx.profileinstaller:profileinstaller:1.3.0] AndroidManifest.xml:36:13-44
150            android:enabled="true"
150-->[androidx.profileinstaller:profileinstaller:1.3.0] AndroidManifest.xml:37:13-35
151            android:exported="true"
151-->[androidx.profileinstaller:profileinstaller:1.3.0] AndroidManifest.xml:38:13-36
152            android:permission="android.permission.DUMP" >
152-->[androidx.profileinstaller:profileinstaller:1.3.0] AndroidManifest.xml:39:13-57
153            <intent-filter>
153-->[androidx.profileinstaller:profileinstaller:1.3.0] AndroidManifest.xml:40:13-42:29
154                <action android:name="androidx.profileinstaller.action.INSTALL_PROFILE" />
154-->[androidx.profileinstaller:profileinstaller:1.3.0] AndroidManifest.xml:41:17-91
154-->[androidx.profileinstaller:profileinstaller:1.3.0] AndroidManifest.xml:41:25-88
155            </intent-filter>
156            <intent-filter>
156-->[androidx.profileinstaller:profileinstaller:1.3.0] AndroidManifest.xml:43:13-45:29
157                <action android:name="androidx.profileinstaller.action.SKIP_FILE" />
157-->[androidx.profileinstaller:profileinstaller:1.3.0] AndroidManifest.xml:44:17-85
157-->[androidx.profileinstaller:profileinstaller:1.3.0] AndroidManifest.xml:44:25-82
158            </intent-filter>
159            <intent-filter>
159-->[androidx.profileinstaller:profileinstaller:1.3.0] AndroidManifest.xml:46:13-48:29
160                <action android:name="androidx.profileinstaller.action.SAVE_PROFILE" />
160-->[androidx.profileinstaller:profileinstaller:1.3.0] AndroidManifest.xml:47:17-88
160-->[androidx.profileinstaller:profileinstaller:1.3.0] AndroidManifest.xml:47:25-85
161            </intent-filter>
162            <intent-filter>
162-->[androidx.profileinstaller:profileinstaller:1.3.0] AndroidManifest.xml:49:13-51:29
163                <action android:name="androidx.profileinstaller.action.BENCHMARK_OPERATION" />
163-->[androidx.profileinstaller:profileinstaller:1.3.0] AndroidManifest.xml:50:17-95
163-->[androidx.profileinstaller:profileinstaller:1.3.0] AndroidManifest.xml:50:25-92
164            </intent-filter>
165        </receiver>
166    </application>
167
168</manifest>